<?xml version="1.0" encoding="UTF-8"?>
<testng-results ignored="0" total="1" passed="1" failed="0" skipped="0">
  <reporter-output>
  </reporter-output>
  <suite started-at="2020-03-23T16:30:54 IST" name="Default suite" finished-at="2020-03-23T16:30:59 IST" duration-ms="4910">
    <groups>
    </groups>
    <test started-at="2020-03-23T16:30:54 IST" name="Default test" finished-at="2020-03-23T16:30:59 IST" duration-ms="4910">
      <class name="Automation.Homepage">
        <test-method signature="basepagenavigation()[pri:0, instance:Automation.Homepage@23f7d05d]" started-at="2020-03-23T16:30:54 IST" name="basepagenavigation" finished-at="2020-03-23T16:30:59 IST" duration-ms="4850" status="PASS">
          <reporter-output>
          </reporter-output>
        </test-method> <!-- basepagenavigation -->
      </class> <!-- Automation.Homepage -->
    </test> <!-- Default test -->
  </suite> <!-- Default suite -->
</testng-results>
